# JRE version: OpenJDK Runtime Environment (8.0_202-b03) (build 1.8.0_202-release-1483-b03)
# Java VM: OpenJDK 64-Bit Server VM (25.202-b03 mixed mode windows-amd64 compressed oops)
Heap:
 PSYoungGen      total 71680K, used 17703K [0x00000000e0000000, 0x00000000e5000000, 0x0000000100000000)
  eden space 61440K, 13% used [0x00000000e0000000,0x00000000e07fddc8,0x00000000e3c00000)
  from space 10240K, 92% used [0x00000000e4600000,0x00000000e4f4c128,0x00000000e5000000)
  to   space 10240K, 0% used [0x00000000e3c00000,0x00000000e3c00000,0x00000000e4600000)
 ParOldGen       total 163840K, used 43K [0x00000000a0000000, 0x00000000aa000000, 0x00000000e0000000)
  object space 163840K, 0% used [0x00000000a0000000,0x00000000a000ac50,0x00000000aa000000)
 Metaspace       used 14922K, capacity 15340K, committed 15616K, reserved 1062912K
  class space    used 2107K, capacity 2268K, committed 2304K, reserved 1048576K
GC Heap History (4 events):
Event: 1.612 GC heap before
{Heap before GC invocations=1 (full 0):
 PSYoungGen      total 71680K, used 61440K [0x00000000e0000000, 0x00000000e5000000, 0x0000000100000000)
  eden space 61440K, 100% used [0x00000000e0000000,0x00000000e3c00000,0x00000000e3c00000)
  from space 10240K, 0% used [0x00000000e4600000,0x00000000e4600000,0x00000000e5000000)
  to   space 10240K, 0% used [0x00000000e3c00000,0x00000000e3c00000,0x00000000e4600000)
 ParOldGen       total 163840K, used 0K [0x00000000a0000000, 0x00000000aa000000, 0x00000000e0000000)
  object space 163840K, 0% used [0x00000000a0000000,0x00000000a0000000,0x00000000aa000000)
 Metaspace       used 7458K, capacity 7748K, committed 7936K, reserved 1056768K
  class space    used 938K, capacity 1015K, committed 1024K, reserved 1048576K
Event: 1.619 GC heap after
Heap after GC invocations=1 (full 0):
 PSYoungGen      total 71680K, used 6162K [0x00000000e0000000, 0x00000000e5000000, 0x0000000100000000)
  eden space 61440K, 0% used [0x00000000e0000000,0x00000000e0000000,0x00000000e3c00000)
  from space 10240K, 60% used [0x00000000e3c00000,0x00000000e4204968,0x00000000e4600000)
  to   space 10240K, 0% used [0x00000000e4600000,0x00000000e4600000,0x00000000e5000000)
 ParOldGen       total 163840K, used 8K [0x00000000a0000000, 0x00000000aa000000, 0x00000000e0000000)
  object space 163840K, 0% used [0x00000000a0000000,0x00000000a0002000,0x00000000aa000000)
 Metaspace       used 7458K, capacity 7748K, committed 7936K, reserved 1056768K
  class space    used 938K, capacity 1015K, committed 1024K, reserved 1048576K
}
Event: 2.386 GC heap before
{Heap before GC invocations=2 (full 0):
 PSYoungGen      total 71680K, used 67602K [0x00000000e0000000, 0x00000000e5000000, 0x0000000100000000)
  eden space 61440K, 100% used [0x00000000e0000000,0x00000000e3c00000,0x00000000e3c00000)
  from space 10240K, 60% used [0x00000000e3c00000,0x00000000e4204968,0x00000000e4600000)
  to   space 10240K, 0% used [0x00000000e4600000,0x00000000e4600000,0x00000000e5000000)
 ParOldGen       total 163840K, used 8K [0x00000000a0000000, 0x00000000aa000000, 0x00000000e0000000)
  object space 163840K, 0% used [0x00000000a0000000,0x00000000a0002000,0x00000000aa000000)
 Metaspace       used 14459K, capacity 14878K, committed 14976K, reserved 1062912K
  class space    used 2024K, capacity 2131K, committed 2176K, reserved 1048576K
Event: 2.395 GC heap after
Heap after GC invocations=2 (full 0):
 PSYoungGen      total 71680K, used 9520K [0x00000000e0000000, 0x00000000e5000000, 0x0000000100000000)
  eden space 61440K, 0% used [0x00000000e0000000,0x00000000e0000000,0x00000000e3c00000)
  from space 10240K, 92% used [0x00000000e4600000,0x00000000e4f4c128,0x00000000e5000000)
  to   space 10240K, 0% used [0x00000000e3c00000,0x00000000e3c00000,0x00000000e4600000)
 ParOldGen       total 163840K, used 43K [0x00000000a0000000, 0x00000000aa000000, 0x00000000e0000000)
  object space 163840K, 0% used [0x00000000a0000000,0x00000000a000ac50,0x00000000aa000000)
 Metaspace       used 14459K, capacity 14878K, committed 14976K, reserved 1062912K
  class space    used 2024K, capacity 2131K, committed 2176K, reserved 1048576K
}

